2026-02-15 15:26:41,824 action=USER_REGISTERED principal=customer@test.com userId=1 role=CUSTOMER
2026-02-15 15:26:43,015 action=USER_REGISTERED principal=owner@test.com userId=2 role=OWNER
2026-02-15 15:26:43,091 action=USER_REGISTERED principal=customer_owner@test.com userId=3 role=CUSTOMER
2026-02-15 15:30:04,035 action=USER_REGISTERED principal=customer@test.com role=CUSTOMER userId=1
2026-02-15 15:30:06,245 action=USER_REGISTERED principal=owner@test.com role=OWNER userId=2
2026-02-15 15:30:06,313 action=USER_REGISTERED principal=customer_owner@test.com role=CUSTOMER userId=3
2026-02-15 15:36:22,934 action=USER_REGISTERED principal=customer@test.com userId=1 role=CUSTOMER
2026-02-15 15:36:25,264 action=USER_REGISTERED principal=owner@test.com userId=2 role=OWNER
2026-02-15 15:36:25,333 action=USER_REGISTERED principal=customer_owner@test.com userId=3 role=CUSTOMER
2026-02-15 15:42:06,512 action=USER_REGISTERED principal=customer@test.com role=CUSTOMER userId=1
2026-02-15 15:42:09,911 action=USER_REGISTERED principal=owner@test.com role=OWNER userId=2
2026-02-15 15:42:09,978 action=USER_REGISTERED principal=customer_owner@test.com role=CUSTOMER userId=3
2026-02-15 15:42:38,008 action=USER_REGISTERED principal=customer@test.com role=CUSTOMER userId=1
2026-02-15 15:42:41,214 action=USER_REGISTERED principal=owner@test.com role=OWNER userId=2
2026-02-15 15:42:41,282 action=USER_REGISTERED principal=customer_owner@test.com role=CUSTOMER userId=3
2026-02-15 15:44:30,368 action=USER_REGISTERED principal=customer@test.com userId=1 role=CUSTOMER
2026-02-15 15:44:33,770 action=USER_REGISTERED principal=owner@test.com userId=2 role=OWNER
2026-02-15 15:44:33,838 action=USER_REGISTERED principal=customer_owner@test.com userId=3 role=CUSTOMER
2026-02-15 15:51:12,783 action=USER_REGISTERED principal=customer@test.com userId=1 role=CUSTOMER
2026-02-15 15:51:16,047 action=USER_REGISTERED principal=owner@test.com userId=2 role=OWNER
2026-02-15 15:51:16,117 action=USER_REGISTERED principal=customer_owner@test.com userId=3 role=CUSTOMER
2026-02-15 15:51:55,639 action=USER_REGISTERED principal=customer@test.com role=CUSTOMER userId=1
2026-02-15 15:51:58,763 action=USER_REGISTERED principal=owner@test.com role=OWNER userId=2
2026-02-15 15:51:58,833 action=USER_REGISTERED principal=customer_owner@test.com role=CUSTOMER userId=3
